


ARM Macro Assembler    Page 1 


    1 00000000         ;/******************************************************
                       ***********************/
    2 00000000         ; OSasm.s: low-level OS commands, written in assembly   
                                           */
    3 00000000         ; Runs on LM4F120/TM4C123
    4 00000000         ; A very simple real time operating system with minimal 
                       features.
    5 00000000         ; Daniel Valvano
    6 00000000         ; January 29, 2015
    7 00000000         ;
    8 00000000         ; This example accompanies the book
    9 00000000         ;  "Embedded Systems: Real Time Interfacing to ARM Corte
                       x M Microcontrollers",
   10 00000000         ;  ISBN: 978-1463590154, Jonathan Valvano, copyright (c)
                        2015
   11 00000000         ;
   12 00000000         ;  Programs 4.4 through 4.12, section 4.2
   13 00000000         ;
   14 00000000         ;Copyright 2015 by Jonathan W. Valvano, valvano@mail.ute
                       xas.edu
   15 00000000         ;    You may use, edit, run or distribute this file
   16 00000000         ;    as long as the above copyright notice remains
   17 00000000         ; THIS SOFTWARE IS PROVIDED "AS IS".  NO WARRANTIES, WHE
                       THER EXPRESS, IMPLIED
   18 00000000         ; OR STATUTORY, INCLUDING, BUT NOT LIMITED TO, IMPLIED W
                       ARRANTIES OF
   19 00000000         ; MERCHANTABILITY AND FITNESS FOR A PARTICULAR PURPOSE A
                       PPLY TO THIS SOFTWARE.
   20 00000000         ; VALVANO SHALL NOT, IN ANY CIRCUMSTANCES, BE LIABLE FOR
                        SPECIAL, INCIDENTAL,
   21 00000000         ; OR CONSEQUENTIAL DAMAGES, FOR ANY REASON WHATSOEVER.
   22 00000000         ; For more information about my classes, my research, an
                       d my books, see
   23 00000000         ; http://users.ece.utexas.edu/~valvano/
   24 00000000         ; */
   25 00000000         
   26 00000000                 AREA             |.text|, CODE, READONLY, ALIGN=
2
   27 00000000                 THUMB
   28 00000000                 REQUIRE8
   29 00000000                 PRESERVE8
   30 00000000         
   31 00000000                 EXTERN           RunPt       ; currently running
                                                             thread
   32 00000000                 EXTERN           OS_Clock_Time
   33 00000000                 EXPORT           OS_DisableInterrupts
   34 00000000                 EXPORT           OS_EnableInterrupts
   35 00000000                 EXPORT           StartOS
   36 00000000                 EXPORT           OS_ISR
   37 00000000         
   38 00000000         
   39 00000000         
   40 00000000         OS_DisableInterrupts
   41 00000000 B672            CPSID            I
   42 00000002 4770            BX               LR
   43 00000004         
   44 00000004         
   45 00000004         OS_EnableInterrupts
   46 00000004 B662            CPSIE            I



ARM Macro Assembler    Page 2 


   47 00000006 4770            BX               LR
   48 00000008         
   49 00000008         
   50 00000008         OS_ISR                               ; 1) Saves R0-R3,R1
                                                            2,LR,PC,PSR
   51 00000008 B672            CPSID            I           ; 2) Prevent interr
                                                            upt during switch
   52 0000000A E92D 0FF0       PUSH             {R4-R11}    ; 3) Save remaining
                                                             regs r4-11
   53 0000000E         
   54 0000000E 4C13            LDR              R4, =OS_Clock_Time
   55 00000010 6825            LDR              R5, [R4]    ; R5 = OS_Clock_Tim
                                                            e
   56 00000012 F105 0501       ADD              R5, R5, #1
   57 00000016 6025            STR              R5, [R4]
   58 00000018         
   59 00000018 4811            LDR              R0, =RunPt  ; 4) R0=pointer to 
                                                            RunPt, old thread
   60 0000001A 6801            LDR              R1, [R0]    ;    R1 = RunPt
   61 0000001C F8C1 D000       STR              SP, [R1]    ; 5) Save SP into T
                                                            CB
   62 00000020 6849            LDR              R1, [R1,#4] ; 6) R1 = RunPt->ne
                                                            xt
   63 00000022         
   64 00000022 68CE    loop    LDR              R6, [R1,#12] ; R6 = next->sleep
                                                            _timer
   65 00000024 42B5            CMP              R5, R6      ; is sleeping?
   66 00000026 DC01            BGT              over
   67 00000028 6849            LDR              R1, [R1,#4] ; R1 = RunPt->next
   68 0000002A E7FA            B                loop
   69 0000002C 6001    over    STR              R1, [R0]    ;    RunPt = R1
   70 0000002E F8D1 D000       LDR              SP, [R1]    ; 7) new thread SP;
                                                             SP = RunPt->sp;
   71 00000032 E8BD 0FF0       POP              {R4-R11}    ; 8) restore regs r
                                                            4-11
   72 00000036 B662            CPSIE            I           ; 9) tasks run with
                                                             interrupts enabled
                                                            
   73 00000038 4770            BX               LR          ; 10) restore R0-R3
                                                            ,R12,LR,PC,PSR
   74 0000003A         
   75 0000003A         StartOS
   76 0000003A 4809            LDR              R0, =RunPt  ; currently running
                                                             thread
   77 0000003C 6802            LDR              R2, [R0]    ; R2 = value of Run
                                                            Pt
   78 0000003E F8D2 D000       LDR              SP, [R2]    ; new thread SP; SP
                                                             = RunPt->stackPoin
                                                            ter;
   79 00000042 E8BD 0FF0       POP              {R4-R11}    ; restore regs r4-1
                                                            1
   80 00000046 BC0F            POP              {R0-R3}     ; restore regs r0-3
                                                            
   81 00000048 F85D CB04       POP              {R12}
   82 0000004C F85D EB04       POP              {LR}        ; discard LR from i
                                                            nitial stack
   83 00000050 F85D EB04       POP              {LR}        ; start location
   84 00000054 BC02            POP              {R1}        ; discard PSR
   85 00000056 B662            CPSIE            I           ; Enable interrupts



ARM Macro Assembler    Page 3 


                                                             at processor level
                                                            
   86 00000058 4770            BX               LR          ; start first threa
                                                            d
   87 0000005A         
   88 0000005A 00 00           ALIGN
   89 0000005C                 END
              00000000 
              00000000 
Command Line: --debug --xref --cpu=Cortex-M4.fp --apcs=interwork --depend=.\osa
sm.d -o.\osasm.o -IF:\Applications\Keil\ARM\RV31\INC -IF:\Applications\Keil\ARM
\CMSIS\Include -IF:\Applications\Keil\ARM\Inc\TI\TM4C123 --predefine="__EVAL SE
TA 1" --list=.\osasm.lst osasm.s



ARM Macro Assembler    Page 1 Alphabetic symbol ordering
Relocatable symbols

.text 00000000

Symbol: .text
   Definitions
      At line 26 in file osasm.s
   Uses
      None
Comment: .text unused
OS_DisableInterrupts 00000000

Symbol: OS_DisableInterrupts
   Definitions
      At line 40 in file osasm.s
   Uses
      At line 33 in file osasm.s
Comment: OS_DisableInterrupts used once
OS_EnableInterrupts 00000004

Symbol: OS_EnableInterrupts
   Definitions
      At line 45 in file osasm.s
   Uses
      At line 34 in file osasm.s
Comment: OS_EnableInterrupts used once
OS_ISR 00000008

Symbol: OS_ISR
   Definitions
      At line 50 in file osasm.s
   Uses
      At line 36 in file osasm.s
Comment: OS_ISR used once
StartOS 0000003A

Symbol: StartOS
   Definitions
      At line 75 in file osasm.s
   Uses
      At line 35 in file osasm.s
Comment: StartOS used once
loop 00000022

Symbol: loop
   Definitions
      At line 64 in file osasm.s
   Uses
      At line 68 in file osasm.s
Comment: loop used once
over 0000002C

Symbol: over
   Definitions
      At line 69 in file osasm.s
   Uses
      At line 66 in file osasm.s
Comment: over used once
7 symbols



ARM Macro Assembler    Page 1 Alphabetic symbol ordering
External symbols

OS_Clock_Time 00000000

Symbol: OS_Clock_Time
   Definitions
      At line 32 in file osasm.s
   Uses
      At line 54 in file osasm.s
Comment: OS_Clock_Time used once
RunPt 00000000

Symbol: RunPt
   Definitions
      At line 31 in file osasm.s
   Uses
      At line 59 in file osasm.s
      At line 76 in file osasm.s

2 symbols
343 symbols in table
